<?xml version="1.0" encoding="UTF-8"?>
<testng-results skipped="0" failed="0" ignored="0" total="1" passed="1">
  <reporter-output>
  </reporter-output>
  <suite name="Default suite" duration-ms="66752" started-at="2019-10-04T04:22:06Z" finished-at="2019-10-04T04:23:13Z">
    <groups>
    </groups>
    <test name="Default test" duration-ms="66752" started-at="2019-10-04T04:22:06Z" finished-at="2019-10-04T04:23:13Z">
      <class name="com.crm.spectrum.invoice.TestCreateInvoiceScript">
        <test-method status="PASS" signature="beforeClassConfig()[pri:0, instance:com.crm.spectrum.invoice.TestCreateInvoiceScript@1bce4f0a]" name="beforeClassConfig" is-config="true" duration-ms="32587" started-at="2019-10-04T04:22:06Z" finished-at="2019-10-04T04:22:39Z">
          <reporter-output>
          </reporter-output>
        </test-method> <!-- beforeClassConfig -->
        <test-method status="PASS" signature="beforeMethodConfig()[pri:0, instance:com.crm.spectrum.invoice.TestCreateInvoiceScript@1bce4f0a]" name="beforeMethodConfig" is-config="true" duration-ms="19796" started-at="2019-10-04T04:22:39Z" finished-at="2019-10-04T04:22:59Z">
          <reporter-output>
          </reporter-output>
        </test-method> <!-- beforeMethodConfig -->
        <test-method status="PASS" signature="createInvoice()[pri:0, instance:com.crm.spectrum.invoice.TestCreateInvoiceScript@1bce4f0a]" name="createInvoice" duration-ms="14282" started-at="2019-10-04T04:22:59Z" finished-at="2019-10-04T04:23:13Z">
          <reporter-output>
          </reporter-output>
        </test-method> <!-- createInvoice -->
      </class> <!-- com.crm.spectrum.invoice.TestCreateInvoiceScript -->
    </test> <!-- Default test -->
  </suite> <!-- Default suite -->
</testng-results>
